
Downloading...ToGet-SMS
Transferring file `XLI_20211016-010001-060_smsc_20211016_01_00_01.cdr.gz'
Transferring file `XLI_20211016-010001-061_smsc_20211016_01_00_01.cdr.gz'
Transferring file `XLI_20211016-010001-062_smsc_20211016_01_00_01.cdr.gz'
Transferring file `XLI_20211016-010002-064_smsc_20211016_01_00_02.cdr.gz'
Transferring file `XLI_20211016-030000-074_smsc_20211016_03_00_00.cdr.gz'
Transferring file `XLI_20211016-030001-075_smsc_20211016_03_00_01.cdr.gz'
Transferring file `XLI_20211016-030002-079_smsc_20211016_03_00_02.cdr.gz'
Transferring file `XLI_20211016-030003-080_smsc_20211016_03_00_03.cdr.gz'
Transferring file `XLI_20211016-040000-081_smsc_20211016_04_00_00.cdr.gz'
Transferring file `XLI_20211016-040000-082_smsc_20211016_04_00_00.cdr.gz'
Transferring file `XLI_20211016-040001-083_smsc_20211016_04_00_01.cdr.gz'
Transferring file `XLI_20211016-040001-084_smsc_20211016_04_00_01.cdr.gz'
Transferring file `XLI_20211016-040001-085_smsc_20211016_04_00_01.cdr.gz'
Transferring file `XLI_20211016-120001-054_smsc_20211016_12_00_01.cdr.gz'
Total: 1 directory, 14 files, 0 symlinks
New: 14 files, 0 symlinks
3239 bytes transferred in 64 seconds (50b/s)

selesai download: Sat Oct 16 12:12:35 WIB 2021

Downloading...ToGet-GPRS
Transferring file `XLI_20211016-000002-899_ggsn_20211016_00_00_02.cdr.gz'
Transferring file `XLI_20211016-000003-900_ggsn_20211016_00_00_03.cdr.gz'
Transferring file `XLI_20211016-000004-905_ggsn_20211016_00_00_04.cdr.gz'
Transferring file `XLI_20211016-000006-907_ggsn_20211016_00_00_06.cdr.gz'
Transferring file `XLI_20211016-000009-914_ggsn_20211016_00_00_09.cdr.gz'
Transferring file `XLI_20211016-000013-921_ggsn_20211016_00_00_13.cdr.gz'
Transferring file `XLI_20211016-000013-922_ggsn_20211016_00_00_13.cdr.gz'
Transferring file `XLI_20211016-000014-925_ggsn_20211016_00_00_14.cdr.gz'
Transferring file `XLI_20211016-000019-936_ggsn_20211016_00_00_19.cdr.gz'
Transferring file `XLI_20211016-000021-942_ggsn_20211016_00_00_21.cdr.gz'
Transferring file `XLI_20211016-000021-943_ggsn_20211016_00_00_21.cdr.gz'
Transferring file `XLI_20211016-000025-954_ggsn_20211016_00_00_25.cdr.gz'
Transferring file `XLI_20211016-000027-956_ggsn_20211016_00_00_27.cdr.gz'
Transferring file `XLI_20211016-000028-962_ggsn_20211016_00_00_28.cdr.gz'
Transferring file `XLI_20211016-000029-963_ggsn_20211016_00_00_29.cdr.gz'
Transferring file `XLI_20211016-000029-966_ggsn_20211016_00_00_29.cdr.gz'
Transferring file `XLI_20211016-000029-967_ggsn_20211016_00_00_29.cdr.gz'
Transferring file `XLI_20211016-000030-973_ggsn_20211016_00_00_30.cdr.gz'
Transferring file `XLI_20211016-010001-978_ggsn_20211016_01_00_01.cdr.gz'
Transferring file `XLI_20211016-010001-980_ggsn_20211016_01_00_01.cdr.gz'
Transferring file `XLI_20211016-010002-983_ggsn_20211016_01_00_02.cdr.gz'
Transferring file `XLI_20211016-010003-989_ggsn_20211016_01_00_03.cdr.gz'
Transferring file `XLI_20211016-010004-993_ggsn_20211016_01_00_04.cdr.gz'
Transferring file `XLI_20211016-010006-995_ggsn_20211016_01_00_06.cdr.gz'
Transferring file `XLI_20211016-010012-006_ggsn_20211016_01_00_12.cdr.gz'
Transferring file `XLI_20211016-010013-008_ggsn_20211016_01_00_13.cdr.gz'
Transferring file `XLI_20211016-010013-010_ggsn_20211016_01_00_13.cdr.gz'
Transferring file `XLI_20211016-010016-016_ggsn_20211016_01_00_16.cdr.gz'
Transferring file `XLI_20211016-010019-026_ggsn_20211016_01_00_19.cdr.gz'
Transferring file `XLI_20211016-010022-029_ggsn_20211016_01_00_22.cdr.gz'
Transferring file `XLI_20211016-010023-034_ggsn_20211016_01_00_23.cdr.gz'
Transferring file `XLI_20211016-010024-038_ggsn_20211016_01_00_24.cdr.gz'
Transferring file `XLI_20211016-010026-041_ggsn_20211016_01_00_26.cdr.gz'
Transferring file `XLI_20211016-010033-054_ggsn_20211016_01_00_33.cdr.gz'
Transferring file `XLI_20211016-010033-055_ggsn_20211016_01_00_33.cdr.gz'
Transferring file `XLI_20211016-010033-056_ggsn_20211016_01_00_33.cdr.gz'
Transferring file `XLI_20211016-010037-070_ggsn_20211016_01_00_37.cdr.gz'
Transferring file `XLI_20211016-010038-071_ggsn_20211016_01_00_38.cdr.gz'
Transferring file `XLI_20211016-020000-077_ggsn_20211016_02_00_00.cdr.gz'
Transferring file `XLI_20211016-020001-078_ggsn_20211016_02_00_01.cdr.gz'
Transferring file `XLI_20211016-020003-085_ggsn_20211016_02_00_03.cdr.gz'
Transferring file `XLI_20211016-020003-086_ggsn_20211016_02_00_03.cdr.gz'
Transferring file `XLI_20211016-020004-088_ggsn_20211016_02_00_04.cdr.gz'
Transferring file `XLI_20211016-020007-096_ggsn_20211016_02_00_07.cdr.gz'
Transferring file `XLI_20211016-020011-105_ggsn_20211016_02_00_11.cdr.gz'
Transferring file `XLI_20211016-020013-108_ggsn_20211016_02_00_13.cdr.gz'
Transferring file `XLI_20211016-020015-115_ggsn_20211016_02_00_15.cdr.gz'
Transferring file `XLI_20211016-020017-117_ggsn_20211016_02_00_17.cdr.gz'
Transferring file `XLI_20211016-020018-123_ggsn_20211016_02_00_18.cdr.gz'
Transferring file `XLI_20211016-020021-133_ggsn_20211016_02_00_21.cdr.gz'
Transferring file `XLI_20211016-020021-134_ggsn_20211016_02_00_21.cdr.gz'
Transferring file `XLI_20211016-020022-136_ggsn_20211016_02_00_22.cdr.gz'
Transferring file `XLI_20211016-020027-150_ggsn_20211016_02_00_27.cdr.gz'
Transferring file `XLI_20211016-020028-152_ggsn_20211016_02_00_28.cdr.gz'
Transferring file `XLI_20211016-020030-162_ggsn_20211016_02_00_30.cdr.gz'
Transferring file `XLI_20211016-020030-163_ggsn_20211016_02_00_30.cdr.gz'
Transferring file `XLI_20211016-020031-169_ggsn_20211016_02_00_31.cdr.gz'
Transferring file `XLI_20211016-030001-176_ggsn_20211016_03_00_01.cdr.gz'
Transferring file `XLI_20211016-030003-178_ggsn_20211016_03_00_03.cdr.gz'
Transferring file `XLI_20211016-030011-190_ggsn_20211016_03_00_11.cdr.gz'
Transferring file `XLI_20211016-030012-192_ggsn_20211016_03_00_12.cdr.gz'
Transferring file `XLI_20211016-030012-194_ggsn_20211016_03_00_12.cdr.gz'
Transferring file `XLI_20211016-030016-201_ggsn_20211016_03_00_16.cdr.gz'
Transferring file `XLI_20211016-030017-208_ggsn_20211016_03_00_17.cdr.gz'
Transferring file `XLI_20211016-030021-217_ggsn_20211016_03_00_21.cdr.gz'
Transferring file `XLI_20211016-030022-218_ggsn_20211016_03_00_22.cdr.gz'
Transferring file `XLI_20211016-030025-229_ggsn_20211016_03_00_25.cdr.gz'
Transferring file `XLI_20211016-030026-231_ggsn_20211016_03_00_26.cdr.gz'
Transferring file `XLI_20211016-030028-234_ggsn_20211016_03_00_28.cdr.gz'
Transferring file `XLI_20211016-030031-241_ggsn_20211016_03_00_31.cdr.gz'
Transferring file `XLI_20211016-030032-242_ggsn_20211016_03_00_32.cdr.gz'
Transferring file `XLI_20211016-030035-254_ggsn_20211016_03_00_35.cdr.gz'
Transferring file `XLI_20211016-030036-260_ggsn_20211016_03_00_36.cdr.gz'
Transferring file `XLI_20211016-030037-261_ggsn_20211016_03_00_37.cdr.gz'
Transferring file `XLI_20211016-030037-262_ggsn_20211016_03_00_37.cdr.gz'
Transferring file `XLI_20211016-030039-269_ggsn_20211016_03_00_39.cdr.gz'
Transferring file `XLI_20211016-030042-278_ggsn_20211016_03_00_42.cdr.gz'
Transferring file `XLI_20211016-030044-280_ggsn_20211016_03_00_44.cdr.gz'
Transferring file `XLI_20211016-030048-290_ggsn_20211016_03_00_48.cdr.gz'
Transferring file `XLI_20211016-030052-301_ggsn_20211016_03_00_52.cdr.gz'
Transferring file `XLI_20211016-030052-303_ggsn_20211016_03_00_52.cdr.gz'
Transferring file `XLI_20211016-030053-305_ggsn_20211016_03_00_53.cdr.gz'
Transferring file `XLI_20211016-040001-314_ggsn_20211016_04_00_01.cdr.gz'
Transferring file `XLI_20211016-040005-326_ggsn_20211016_04_00_05.cdr.gz'
Transferring file `XLI_20211016-040005-327_ggsn_20211016_04_00_05.cdr.gz'
Transferring file `XLI_20211016-040007-329_ggsn_20211016_04_00_07.cdr.gz'
Transferring file `XLI_20211016-040007-330_ggsn_20211016_04_00_07.cdr.gz'
Transferring file `XLI_20211016-040011-337_ggsn_20211016_04_00_11.cdr.gz'
Transferring file `XLI_20211016-040013-346_ggsn_20211016_04_00_13.cdr.gz'
Transferring file `XLI_20211016-040017-355_ggsn_20211016_04_00_17.cdr.gz'
Transferring file `XLI_20211016-040017-356_ggsn_20211016_04_00_17.cdr.gz'
Transferring file `XLI_20211016-040017-357_ggsn_20211016_04_00_17.cdr.gz'
Transferring file `XLI_20211016-040019-363_ggsn_20211016_04_00_19.cdr.gz'
Transferring file `XLI_20211016-040019-364_ggsn_20211016_04_00_19.cdr.gz'
Transferring file `XLI_20211016-040025-379_ggsn_20211016_04_00_25.cdr.gz'
Transferring file `XLI_20211016-040026-381_ggsn_20211016_04_00_26.cdr.gz'
Transferring file `XLI_20211016-040029-390_ggsn_20211016_04_00_29.cdr.gz'
Transferring file `XLI_20211016-040031-399_ggsn_20211016_04_00_31.cdr.gz'
Transferring file `XLI_20211016-040032-401_ggsn_20211016_04_00_32.cdr.gz'
Transferring file `XLI_20211016-040034-409_ggsn_20211016_04_00_34.cdr.gz'
Transferring file `XLI_20211016-040035-411_ggsn_20211016_04_00_35.cdr.gz'
Transferring file `XLI_20211016-040039-423_ggsn_20211016_04_00_39.cdr.gz'
Transferring file `XLI_20211016-040040-425_ggsn_20211016_04_00_40.cdr.gz'
Transferring file `XLI_20211016-040042-429_ggsn_20211016_04_00_42.cdr.gz'
Transferring file `XLI_20211016-040042-430_ggsn_20211016_04_00_42.cdr.gz'
Transferring file `XLI_20211016-040044-438_ggsn_20211016_04_00_44.cdr.gz'
Transferring file `XLI_20211016-040044-439_ggsn_20211016_04_00_44.cdr.gz'
Total: 1 directory, 107 files, 0 symlinks
New: 107 files, 0 symlinks
29005417 bytes transferred in 587 seconds (48.3K/s)

selesai download: Sat Oct 16 12:20:07 WIB 2021

Uploading...ToGet-SMS
Transferring file `XLI_20211016-010001-060_smsc_20211016_01_00_01.cdr.gz'
Transferring file `XLI_20211016-010001-061_smsc_20211016_01_00_01.cdr.gz'
Transferring file `XLI_20211016-010001-062_smsc_20211016_01_00_01.cdr.gz'
Transferring file `XLI_20211016-010002-064_smsc_20211016_01_00_02.cdr.gz'
Transferring file `XLI_20211016-030000-074_smsc_20211016_03_00_00.cdr.gz'
Transferring file `XLI_20211016-030001-075_smsc_20211016_03_00_01.cdr.gz'
Transferring file `XLI_20211016-030002-079_smsc_20211016_03_00_02.cdr.gz'
Transferring file `XLI_20211016-030003-080_smsc_20211016_03_00_03.cdr.gz'
Transferring file `XLI_20211016-040000-081_smsc_20211016_04_00_00.cdr.gz'
Transferring file `XLI_20211016-040000-082_smsc_20211016_04_00_00.cdr.gz'
Transferring file `XLI_20211016-040001-083_smsc_20211016_04_00_01.cdr.gz'
Transferring file `XLI_20211016-040001-084_smsc_20211016_04_00_01.cdr.gz'
Transferring file `XLI_20211016-040001-085_smsc_20211016_04_00_01.cdr.gz'
Transferring file `XLI_20211016-120001-054_smsc_20211016_12_00_01.cdr.gz'
Total: 1 directory, 14 files, 0 symlinks
New: 14 files, 0 symlinks
3239 bytes transferred in 23 seconds (140b/s)

selesai upload: Sat Oct 16 12:20:10 WIB 2021

Uploading...ToGet-GPRS
Transferring file `XLI_20211016-000002-899_ggsn_20211016_00_00_02.cdr.gz'
Transferring file `XLI_20211016-000003-900_ggsn_20211016_00_00_03.cdr.gz'
Transferring file `XLI_20211016-000004-905_ggsn_20211016_00_00_04.cdr.gz'
Transferring file `XLI_20211016-000006-907_ggsn_20211016_00_00_06.cdr.gz'
Transferring file `XLI_20211016-000009-914_ggsn_20211016_00_00_09.cdr.gz'
Transferring file `XLI_20211016-000013-921_ggsn_20211016_00_00_13.cdr.gz'
Transferring file `XLI_20211016-000013-922_ggsn_20211016_00_00_13.cdr.gz'
Transferring file `XLI_20211016-000014-925_ggsn_20211016_00_00_14.cdr.gz'
Transferring file `XLI_20211016-000019-936_ggsn_20211016_00_00_19.cdr.gz'
Transferring file `XLI_20211016-000021-942_ggsn_20211016_00_00_21.cdr.gz'
Transferring file `XLI_20211016-000021-943_ggsn_20211016_00_00_21.cdr.gz'
Transferring file `XLI_20211016-000025-954_ggsn_20211016_00_00_25.cdr.gz'
Transferring file `XLI_20211016-000027-956_ggsn_20211016_00_00_27.cdr.gz'
Transferring file `XLI_20211016-000028-962_ggsn_20211016_00_00_28.cdr.gz'
Transferring file `XLI_20211016-000029-963_ggsn_20211016_00_00_29.cdr.gz'
Transferring file `XLI_20211016-000029-966_ggsn_20211016_00_00_29.cdr.gz'
Transferring file `XLI_20211016-000029-967_ggsn_20211016_00_00_29.cdr.gz'
Transferring file `XLI_20211016-000030-973_ggsn_20211016_00_00_30.cdr.gz'
Transferring file `XLI_20211016-010001-978_ggsn_20211016_01_00_01.cdr.gz'
Transferring file `XLI_20211016-010001-980_ggsn_20211016_01_00_01.cdr.gz'
Transferring file `XLI_20211016-010002-983_ggsn_20211016_01_00_02.cdr.gz'
Transferring file `XLI_20211016-010003-989_ggsn_20211016_01_00_03.cdr.gz'
Transferring file `XLI_20211016-010004-993_ggsn_20211016_01_00_04.cdr.gz'
Transferring file `XLI_20211016-010006-995_ggsn_20211016_01_00_06.cdr.gz'
Transferring file `XLI_20211016-010012-006_ggsn_20211016_01_00_12.cdr.gz'
Transferring file `XLI_20211016-010013-008_ggsn_20211016_01_00_13.cdr.gz'
Transferring file `XLI_20211016-010013-010_ggsn_20211016_01_00_13.cdr.gz'
Transferring file `XLI_20211016-010016-016_ggsn_20211016_01_00_16.cdr.gz'
Transferring file `XLI_20211016-010019-026_ggsn_20211016_01_00_19.cdr.gz'
Transferring file `XLI_20211016-010022-029_ggsn_20211016_01_00_22.cdr.gz'
Transferring file `XLI_20211016-010023-034_ggsn_20211016_01_00_23.cdr.gz'
Transferring file `XLI_20211016-010024-038_ggsn_20211016_01_00_24.cdr.gz'
Transferring file `XLI_20211016-010026-041_ggsn_20211016_01_00_26.cdr.gz'
Transferring file `XLI_20211016-010033-054_ggsn_20211016_01_00_33.cdr.gz'
Transferring file `XLI_20211016-010033-055_ggsn_20211016_01_00_33.cdr.gz'
Transferring file `XLI_20211016-010033-056_ggsn_20211016_01_00_33.cdr.gz'
Transferring file `XLI_20211016-010037-070_ggsn_20211016_01_00_37.cdr.gz'
Transferring file `XLI_20211016-010038-071_ggsn_20211016_01_00_38.cdr.gz'
Transferring file `XLI_20211016-020000-077_ggsn_20211016_02_00_00.cdr.gz'
Transferring file `XLI_20211016-020001-078_ggsn_20211016_02_00_01.cdr.gz'
Transferring file `XLI_20211016-020003-085_ggsn_20211016_02_00_03.cdr.gz'
Transferring file `XLI_20211016-020003-086_ggsn_20211016_02_00_03.cdr.gz'
Transferring file `XLI_20211016-020004-088_ggsn_20211016_02_00_04.cdr.gz'
Transferring file `XLI_20211016-020007-096_ggsn_20211016_02_00_07.cdr.gz'
Transferring file `XLI_20211016-020011-105_ggsn_20211016_02_00_11.cdr.gz'
Transferring file `XLI_20211016-020013-108_ggsn_20211016_02_00_13.cdr.gz'
Transferring file `XLI_20211016-020015-115_ggsn_20211016_02_00_15.cdr.gz'
Transferring file `XLI_20211016-020017-117_ggsn_20211016_02_00_17.cdr.gz'
Transferring file `XLI_20211016-020018-123_ggsn_20211016_02_00_18.cdr.gz'
Transferring file `XLI_20211016-020021-133_ggsn_20211016_02_00_21.cdr.gz'
Transferring file `XLI_20211016-020021-134_ggsn_20211016_02_00_21.cdr.gz'
Transferring file `XLI_20211016-020022-136_ggsn_20211016_02_00_22.cdr.gz'
Transferring file `XLI_20211016-020027-150_ggsn_20211016_02_00_27.cdr.gz'
Transferring file `XLI_20211016-020028-152_ggsn_20211016_02_00_28.cdr.gz'
Transferring file `XLI_20211016-020030-162_ggsn_20211016_02_00_30.cdr.gz'
Transferring file `XLI_20211016-020030-163_ggsn_20211016_02_00_30.cdr.gz'
Transferring file `XLI_20211016-020031-169_ggsn_20211016_02_00_31.cdr.gz'
Transferring file `XLI_20211016-030001-176_ggsn_20211016_03_00_01.cdr.gz'
Transferring file `XLI_20211016-030003-178_ggsn_20211016_03_00_03.cdr.gz'
Transferring file `XLI_20211016-030011-190_ggsn_20211016_03_00_11.cdr.gz'
Transferring file `XLI_20211016-030012-192_ggsn_20211016_03_00_12.cdr.gz'
Transferring file `XLI_20211016-030012-194_ggsn_20211016_03_00_12.cdr.gz'
Transferring file `XLI_20211016-030016-201_ggsn_20211016_03_00_16.cdr.gz'
Transferring file `XLI_20211016-030017-208_ggsn_20211016_03_00_17.cdr.gz'
Transferring file `XLI_20211016-030021-217_ggsn_20211016_03_00_21.cdr.gz'
Transferring file `XLI_20211016-030022-218_ggsn_20211016_03_00_22.cdr.gz'
Transferring file `XLI_20211016-030025-229_ggsn_20211016_03_00_25.cdr.gz'
Transferring file `XLI_20211016-030026-231_ggsn_20211016_03_00_26.cdr.gz'
Transferring file `XLI_20211016-030028-234_ggsn_20211016_03_00_28.cdr.gz'
Transferring file `XLI_20211016-030031-241_ggsn_20211016_03_00_31.cdr.gz'
Transferring file `XLI_20211016-030032-242_ggsn_20211016_03_00_32.cdr.gz'
Transferring file `XLI_20211016-030035-254_ggsn_20211016_03_00_35.cdr.gz'
Transferring file `XLI_20211016-030036-260_ggsn_20211016_03_00_36.cdr.gz'
Transferring file `XLI_20211016-030037-261_ggsn_20211016_03_00_37.cdr.gz'
Transferring file `XLI_20211016-030037-262_ggsn_20211016_03_00_37.cdr.gz'
Transferring file `XLI_20211016-030039-269_ggsn_20211016_03_00_39.cdr.gz'
Transferring file `XLI_20211016-030042-278_ggsn_20211016_03_00_42.cdr.gz'
Transferring file `XLI_20211016-030044-280_ggsn_20211016_03_00_44.cdr.gz'
Transferring file `XLI_20211016-030048-290_ggsn_20211016_03_00_48.cdr.gz'
Transferring file `XLI_20211016-030052-301_ggsn_20211016_03_00_52.cdr.gz'
Transferring file `XLI_20211016-030052-303_ggsn_20211016_03_00_52.cdr.gz'
Transferring file `XLI_20211016-030053-305_ggsn_20211016_03_00_53.cdr.gz'
Transferring file `XLI_20211016-040001-314_ggsn_20211016_04_00_01.cdr.gz'
Transferring file `XLI_20211016-040005-326_ggsn_20211016_04_00_05.cdr.gz'
Transferring file `XLI_20211016-040005-327_ggsn_20211016_04_00_05.cdr.gz'
Transferring file `XLI_20211016-040007-329_ggsn_20211016_04_00_07.cdr.gz'
Transferring file `XLI_20211016-040007-330_ggsn_20211016_04_00_07.cdr.gz'
Transferring file `XLI_20211016-040011-337_ggsn_20211016_04_00_11.cdr.gz'
Transferring file `XLI_20211016-040013-346_ggsn_20211016_04_00_13.cdr.gz'
Transferring file `XLI_20211016-040017-355_ggsn_20211016_04_00_17.cdr.gz'
Transferring file `XLI_20211016-040017-356_ggsn_20211016_04_00_17.cdr.gz'
Transferring file `XLI_20211016-040017-357_ggsn_20211016_04_00_17.cdr.gz'
Transferring file `XLI_20211016-040019-363_ggsn_20211016_04_00_19.cdr.gz'
Transferring file `XLI_20211016-040019-364_ggsn_20211016_04_00_19.cdr.gz'
Transferring file `XLI_20211016-040025-379_ggsn_20211016_04_00_25.cdr.gz'
Transferring file `XLI_20211016-040026-381_ggsn_20211016_04_00_26.cdr.gz'
Transferring file `XLI_20211016-040029-390_ggsn_20211016_04_00_29.cdr.gz'
Transferring file `XLI_20211016-040031-399_ggsn_20211016_04_00_31.cdr.gz'
Transferring file `XLI_20211016-040032-401_ggsn_20211016_04_00_32.cdr.gz'
Transferring file `XLI_20211016-040034-409_ggsn_20211016_04_00_34.cdr.gz'
Transferring file `XLI_20211016-040035-411_ggsn_20211016_04_00_35.cdr.gz'
Transferring file `XLI_20211016-040039-423_ggsn_20211016_04_00_39.cdr.gz'
Transferring file `XLI_20211016-040040-425_ggsn_20211016_04_00_40.cdr.gz'
Transferring file `XLI_20211016-040042-429_ggsn_20211016_04_00_42.cdr.gz'
Transferring file `XLI_20211016-040042-430_ggsn_20211016_04_00_42.cdr.gz'
Transferring file `XLI_20211016-040044-438_ggsn_20211016_04_00_44.cdr.gz'
Transferring file `XLI_20211016-040044-439_ggsn_20211016_04_00_44.cdr.gz'
Total: 1 directory, 107 files, 0 symlinks
New: 107 files, 0 symlinks
34903657 bytes transferred in 131 seconds (259.5K/s)

selesai upload: Sat Oct 16 12:20:16 WIB 2021
